# JRE version: OpenJDK Runtime Environment (8.0_242-b01) (build 1.8.0_242-release-1644-b01)
# Java VM: OpenJDK 64-Bit Server VM (25.242-b01 mixed mode windows-amd64 compressed oops)
Heap:
 PSYoungGen      total 233472K, used 107397K [0x00000000d5580000, 0x00000000e4a80000, 0x0000000100000000)
  eden space 217088K, 49% used [0x00000000d5580000,0x00000000dbe61588,0x00000000e2980000)
  from space 16384K, 0% used [0x00000000e3880000,0x00000000e3880000,0x00000000e4880000)
  to   space 15360K, 0% used [0x00000000e2980000,0x00000000e2980000,0x00000000e3880000)
 ParOldGen       total 141312K, used 41639K [0x0000000080000000, 0x0000000088a00000, 0x00000000d5580000)
  object space 141312K, 29% used [0x0000000080000000,0x00000000828a9cb0,0x0000000088a00000)
 Metaspace       used 64018K, capacity 66484K, committed 66712K, reserved 1105920K
  class space    used 8783K, capacity 9300K, committed 9392K, reserved 1048576K
GC Heap History (10 events):
Event: 6.014 GC heap before
{Heap before GC invocations=7 (full 1):
 PSYoungGen      total 141824K, used 44797K [0x00000000d5580000, 0x00000000e4880000, 0x0000000100000000)
  eden space 131072K, 25% used [0x00000000d5580000,0x00000000d76c1898,0x00000000dd580000)
  from space 10752K, 99% used [0x00000000dd580000,0x00000000ddffde48,0x00000000de000000)
  to   space 16384K, 0% used [0x00000000e3880000,0x00000000e3880000,0x00000000e4880000)
 ParOldGen       total 94720K, used 10863K [0x0000000080000000, 0x0000000085c80000, 0x00000000d5580000)
  object space 94720K, 11% used [0x0000000080000000,0x0000000080a9bfc8,0x0000000085c80000)
 Metaspace       used 34264K, capacity 35400K, committed 35496K, reserved 1079296K
  class space    used 4719K, capacity 5001K, committed 5040K, reserved 1048576K
Event: 6.031 GC heap after
Heap after GC invocations=7 (full 1):
 PSYoungGen      total 233472K, used 8940K [0x00000000d5580000, 0x00000000e4a80000, 0x0000000100000000)
  eden space 217088K, 0% used [0x00000000d5580000,0x00000000d5580000,0x00000000e2980000)
  from space 16384K, 54% used [0x00000000e3880000,0x00000000e413b3e0,0x00000000e4880000)
  to   space 15360K, 0% used [0x00000000e2980000,0x00000000e2980000,0x00000000e3880000)
 ParOldGen       total 94720K, used 10871K [0x0000000080000000, 0x0000000085c80000, 0x00000000d5580000)
  object space 94720K, 11% used [0x0000000080000000,0x0000000080a9dfc8,0x0000000085c80000)
 Metaspace       used 34264K, capacity 35400K, committed 35496K, reserved 1079296K
  class space    used 4719K, capacity 5001K, committed 5040K, reserved 1048576K
}
Event: 6.031 GC heap before
{Heap before GC invocations=8 (full 2):
 PSYoungGen      total 233472K, used 8940K [0x00000000d5580000, 0x00000000e4a80000, 0x0000000100000000)
  eden space 217088K, 0% used [0x00000000d5580000,0x00000000d5580000,0x00000000e2980000)
  from space 16384K, 54% used [0x00000000e3880000,0x00000000e413b3e0,0x00000000e4880000)
  to   space 15360K, 0% used [0x00000000e2980000,0x00000000e2980000,0x00000000e3880000)
 ParOldGen       total 94720K, used 10871K [0x0000000080000000, 0x0000000085c80000, 0x00000000d5580000)
  object space 94720K, 11% used [0x0000000080000000,0x0000000080a9dfc8,0x0000000085c80000)
 Metaspace       used 34264K, capacity 35400K, committed 35496K, reserved 1079296K
  class space    used 4719K, capacity 5001K, committed 5040K, reserved 1048576K
Event: 6.104 GC heap after
Heap after GC invocations=8 (full 2):
 PSYoungGen      total 233472K, used 0K [0x00000000d5580000, 0x00000000e4a80000, 0x0000000100000000)
  eden space 217088K, 0% used [0x00000000d5580000,0x00000000d5580000,0x00000000e2980000)
  from space 16384K, 0% used [0x00000000e3880000,0x00000000e3880000,0x00000000e4880000)
  to   space 15360K, 0% used [0x00000000e2980000,0x00000000e2980000,0x00000000e3880000)
 ParOldGen       total 141312K, used 15304K [0x0000000080000000, 0x0000000088a00000, 0x00000000d5580000)
  object space 141312K, 10% used [0x0000000080000000,0x0000000080ef2328,0x0000000088a00000)
 Metaspace       used 34264K, capacity 35400K, committed 35496K, reserved 1079296K
  class space    used 4719K, capacity 5001K, committed 5040K, reserved 1048576K
}
Event: 8.575 GC heap before
{Heap before GC invocations=9 (full 2):
 PSYoungGen      total 233472K, used 217088K [0x00000000d5580000, 0x00000000e4a80000, 0x0000000100000000)
  eden space 217088K, 100% used [0x00000000d5580000,0x00000000e2980000,0x00000000e2980000)
  from space 16384K, 0% used [0x00000000e3880000,0x00000000e3880000,0x00000000e4880000)
  to   space 15360K, 0% used [0x00000000e2980000,0x00000000e2980000,0x00000000e3880000)
 ParOldGen       total 141312K, used 15304K [0x0000000080000000, 0x0000000088a00000, 0x00000000d5580000)
  object space 141312K, 10% used [0x0000000080000000,0x0000000080ef2328,0x0000000088a00000)
 Metaspace       used 43756K, capacity 45654K, committed 46120K, reserved 1089536K
  class space    used 5920K, capacity 6321K, committed 6448K, reserved 1048576K
Event: 8.604 GC heap after
Heap after GC invocations=9 (full 2):
 PSYoungGen      total 232448K, used 15356K [0x00000000d5580000, 0x00000000e4a80000, 0x0000000100000000)
  eden space 217088K, 0% used [0x00000000d5580000,0x00000000d5580000,0x00000000e2980000)
  from space 15360K, 99% used [0x00000000e2980000,0x00000000e387f0d0,0x00000000e3880000)
  to   space 16384K, 0% used [0x00000000e3880000,0x00000000e3880000,0x00000000e4880000)
 ParOldGen       total 141312K, used 16233K [0x0000000080000000, 0x0000000088a00000, 0x00000000d5580000)
  object space 141312K, 11% used [0x0000000080000000,0x0000000080fda560,0x0000000088a00000)
 Metaspace       used 43756K, capacity 45654K, committed 46120K, reserved 1089536K
  class space    used 5920K, capacity 6321K, committed 6448K, reserved 1048576K
}
Event: 11.645 GC heap before
{Heap before GC invocations=10 (full 2):
 PSYoungGen      total 232448K, used 191297K [0x00000000d5580000, 0x00000000e4a80000, 0x0000000100000000)
  eden space 217088K, 81% used [0x00000000d5580000,0x00000000e0151648,0x00000000e2980000)
  from space 15360K, 99% used [0x00000000e2980000,0x00000000e387f0d0,0x00000000e3880000)
  to   space 16384K, 0% used [0x00000000e3880000,0x00000000e3880000,0x00000000e4880000)
 ParOldGen       total 141312K, used 16233K [0x0000000080000000, 0x0000000088a00000, 0x00000000d5580000)
  object space 141312K, 11% used [0x0000000080000000,0x0000000080fda560,0x0000000088a00000)
 Metaspace       used 56774K, capacity 59036K, committed 59160K, reserved 1099776K
  class space    used 7686K, capacity 8179K, committed 8240K, reserved 1048576K
Event: 11.691 GC heap after
Heap after GC invocations=10 (full 2):
 PSYoungGen      total 233472K, used 16368K [0x00000000d5580000, 0x00000000e4a80000, 0x0000000100000000)
  eden space 217088K, 0% used [0x00000000d5580000,0x00000000d5580000,0x00000000e2980000)
  from space 16384K, 99% used [0x00000000e3880000,0x00000000e487c060,0x00000000e4880000)
  to   space 15360K, 0% used [0x00000000e2980000,0x00000000e2980000,0x00000000e3880000)
 ParOldGen       total 141312K, used 29225K [0x0000000080000000, 0x0000000088a00000, 0x00000000d5580000)
  object space 141312K, 20% used [0x0000000080000000,0x0000000081c8a7d8,0x0000000088a00000)
 Metaspace       used 56774K, capacity 59036K, committed 59160K, reserved 1099776K
  class space    used 7686K, capacity 8179K, committed 8240K, reserved 1048576K
}
Event: 11.691 GC heap before
{Heap before GC invocations=11 (full 3):
 PSYoungGen      total 233472K, used 16368K [0x00000000d5580000, 0x00000000e4a80000, 0x0000000100000000)
  eden space 217088K, 0% used [0x00000000d5580000,0x00000000d5580000,0x00000000e2980000)
  from space 16384K, 99% used [0x00000000e3880000,0x00000000e487c060,0x00000000e4880000)
  to   space 15360K, 0% used [0x00000000e2980000,0x00000000e2980000,0x00000000e3880000)
 ParOldGen       total 141312K, used 29225K [0x0000000080000000, 0x0000000088a00000, 0x00000000d5580000)
  object space 141312K, 20% used [0x0000000080000000,0x0000000081c8a7d8,0x0000000088a00000)
 Metaspace       used 56774K, capacity 59036K, committed 59160K, reserved 1099776K
  class space    used 7686K, capacity 8179K, committed 8240K, reserved 1048576K
Event: 12.008 GC heap after
Heap after GC invocations=11 (full 3):
 PSYoungGen      total 233472K, used 0K [0x00000000d5580000, 0x00000000e4a80000, 0x0000000100000000)
  eden space 217088K, 0% used [0x00000000d5580000,0x00000000d5580000,0x00000000e2980000)
  from space 16384K, 0% used [0x00000000e3880000,0x00000000e3880000,0x00000000e4880000)
  to   space 15360K, 0% used [0x00000000e2980000,0x00000000e2980000,0x00000000e3880000)
 ParOldGen       total 141312K, used 41639K [0x0000000080000000, 0x0000000088a00000, 0x00000000d5580000)
  object space 141312K, 29% used [0x0000000080000000,0x00000000828a9cb0,0x0000000088a00000)
 Metaspace       used 56732K, capacity 58898K, committed 59160K, reserved 1099776K
  class space    used 7673K, capacity 8156K, committed 8240K, reserved 1048576K
}

